Obama ’ s Plan <UNK> America ’ s <UNK> </S>
Republican politicians will court their policies with the need to fight against punishing electoral fraud . </S>
The <UNK> Center also views this as a myth , arguing that the election used is more politically powerless than many people left out of the <UNK> . </S>
Indeed , even US prosecutors have identified a record as 300 electoral fraud in the United States in ten years . </S>
One thing is certain : these new provisions would negatively affect participation rates . </S>
In these terms , these moves partly constitute the democratic system in the United States . </S>
Unlike Canada , the US states are responsible for the Organization of Federal elections in the United States . </S>
This was where a majority of American governments passed to from 2009 new laws that made the process more difficult and voting . </S>
That has now been happening after the November 2010 , well ahead of President Barack Obama added new public figures in 26 countries . </S>
As a result , continuing formal laws restricting the voting rule of government were held in the form of <UNK> in the last year of 2011 . </S>
The new electoral laws also require voters to have a map map with a photo ID and an American citizenship <UNK> . </S>
In addition , however , these laws reduce the number of opportunity to anticipate , with the claim to go to form as many in the voting and government in citizens who have a legal case in voting rights . </S>
Before the 2006 election , no United States required voters to portray a &quot; <UNK> &quot; . </S>
<UNK> was the first state needed to be such a requirement . </S>
Indeed , the United Supreme Court of the United States became in 2008 the ascendancy of the Law of Indiana . </S>
The Republicans &apos; claim to extend this practice to other states . </S>
In the past two years , they will switch budget projects in 34 countries to force voters to sign a <UNK> map map . </S>
Interestingly , unlike in the fields , the African public does not have a single religious identity like the <UNK> . </S>
In fact , 11 % of the world ’ s citizens , or about 21 million to pass , do not possess an empty identity with an official government authority . </S>
In addition , five million allowed voters in 2012 lack such an <UNK> . </S>
But it costs by far more than $ 100 million today . </S>
New restrictions affect the young , minorities , and lower-income people . </S>
Indeed , 25 % of the damage , at least 15 % of people earning less than $ 6,000 , and 18 % of citizens aged 18 to 29 , do not possess a single <UNK> with a photo opportunity . </S>
Far more . </S>
Students , voters perceived voting for more democratic candidates , are not allowed in several states to use their <UNK> map from their institution . </S>
By contrast , the same states bar the Dutch and <UNK> clubs to decide on the Republican side to be used to vote the card from those clubs . </S>
Before 2004 , no court required any state to vote . </S>
One Arizona was the first such requirement . </S>
Since 2011 , a dozen states have adopted the law requiring voters to demonstrate that they are citizens in America . </S>
These measures are clearly aimed at curbing voting voting . </S>
But he <UNK> two <UNK> ’ s voters on three points to the Democratic Party . </S>
In addition , former Republicans were critical in 2011 of eliminating the voters &apos; voting system by the eight countries . </S>
In addition , they have limited the right of people and groups to provide assistance to voters who want to coalesce themselves together . </S>
These restrictions are not without consequences . </S>
For example , in the election of 2004 , voter campaigns of voters have helped to lower each of the 10 million people . </S>
But the measures adopted in 2006 have fallen from 17 % the rate of new voters in 2010 , from 2006 to 2006 . </S>
In addition , Republican lawmakers adopted the use of five other states to reduce the vote in the vote . </S>
For example , in the 2008 general election in 1929 , 33 % of voters said about black Russians , even 13 of the state ’ s voters . </S>
The same is true with <UNK> . </S>
The objective was only about 11 % of voters , yet 24 % of citizens who last for years to wait . </S>
The <UNK> ( which comprises an income of 76 % of the electorate accounted for only 46 % said in anticipation . </S>
Of course , the <UNK> lawmakers and their cronies clashed with the adoption of formal laws restricting the voter prejudice . </S>
Several kinds of under the rule of law have been blocked by <UNK> of the Democratic governors . </S>
The United <UNK> general attorney stepped out in order to suspend the more controversial laws . </S>
They could limit some damage . </S>
For example , only 16 of 34 countries adopted the legislation “ <UNK> ” a version of an American identity map . </S>
Nevertheless , the new rules that take the lead are further making the task of voting power in 2012 . </S>
Their critics view the <UNK> of laws that are passed and they are regarded as a part of the campaign ’ s goal of turning outcomes in 2012 . </S>
A report by the <UNK> Center in 2011 demonstrates that the countries that controlled these laws were shut down the <UNK> and <UNK> votes in an Electoral College . </S>
It is too early to say that these parliamentary changes to the system &apos;s political system will have significant effects on the outcome of 2012 presidential elections . </S>
But one thing is certain : the new arrangements would offset the turnout rate . </S>
In these terms , these moves partly constitute the democratic system in the United States . </S>
<UNK> prostate Cancer : Death up or <UNK> ? </S>
Indeed , PSA testing might sometimes produce misleading outcomes , with false results , or <UNK> false positives , which often results from useful medical interventions . </S>
Many are more <UNK> to those that screening tests . </S>
After the Test or <UNK> ? </S>
